<?xml version="1.0" encoding="UTF-8"?>
<!-- Generated by org.testng.reporters.JUnitReportReporter -->
<testsuite hostname="aliena-HP" failures="0" tests="1" name="mavenSelenium.seleniumMaventest.Testcase7" time="27.637" errors="0" timestamp="2025-05-11T12:58:38 IST" skipped="0">
  <testcase classname="mavenSelenium.seleniumMaventest.Testcase7" name="product_detial" time="27.637"/>
</testsuite> <!-- mavenSelenium.seleniumMaventest.Testcase7 -->
