<?xml version="1.0" encoding="UTF-8"?>
<!-- Generated by org.testng.reporters.JUnitReportReporter -->
<testsuite hostname="aliena-HP" failures="0" tests="1" name="mavenSelenium.seleniumMaventest.Testcase1" time="14.797" errors="0" timestamp="2025-04-26T04:10:47 IST" skipped="0">
  <testcase classname="mavenSelenium.seleniumMaventest.Testcase1" name="validcredintials" time="14.797"/>
</testsuite> <!-- mavenSelenium.seleniumMaventest.Testcase1 -->
