<?xml version="1.0" encoding="UTF-8"?>
<!-- Generated by org.testng.reporters.JUnitReportReporter -->
<testsuite hostname="aliena-HP" failures="0" tests="1" name="mavenSelenium.seleniumMaventest.Testcase3" time="16.643" errors="0" timestamp="2025-05-13T12:49:10 IST" skipped="0">
  <testcase classname="mavenSelenium.seleniumMaventest.Testcase3" name="Logindata" time="16.643"/>
</testsuite> <!-- mavenSelenium.seleniumMaventest.Testcase3 -->
