<?xml version="1.0" encoding="UTF-8"?>
<!-- Generated by org.testng.reporters.JUnitReportReporter -->
<testsuite hostname="aliena-HP" failures="0" tests="1" name="mavenSelenium.seleniumMaventest.Testcase11" time="35.052" errors="0" timestamp="2025-05-09T03:43:03 IST" skipped="0">
  <testcase classname="mavenSelenium.seleniumMaventest.Testcase11" name="checkoutcart" time="35.052"/>
</testsuite> <!-- mavenSelenium.seleniumMaventest.Testcase11 -->
