<?xml version="1.0" encoding="UTF-8"?>
<!-- Generated by org.testng.reporters.JUnitReportReporter -->
<testsuite hostname="aliena-HP" failures="0" tests="1" name="mavenSelenium.seleniumMaventest.Testcase9" time="71.083" errors="0" timestamp="2025-05-08T18:14:56 IST" skipped="0">
  <testcase classname="mavenSelenium.seleniumMaventest.Testcase9" name="cartbutton" time="71.083"/>
</testsuite> <!-- mavenSelenium.seleniumMaventest.Testcase9 -->
