<?xml version="1.0" encoding="UTF-8"?>
<!-- Generated by org.testng.reporters.JUnitReportReporter -->
<testsuite hostname="aliena-HP" failures="0" tests="1" name="mavenSelenium.seleniumMaventest.Testcase4" time="33.637" errors="0" timestamp="2025-05-12T15:16:59 IST" skipped="0">
  <testcase classname="mavenSelenium.seleniumMaventest.Testcase4" name="Profileedit" time="33.637">
    <system-out>
      <![CDATA[test is pass]]>
    </system-out>
  </testcase> <!-- Profileedit -->
  <system-out>
    <![CDATA[test is pass]]>
  </system-out>
</testsuite> <!-- mavenSelenium.seleniumMaventest.Testcase4 -->
