<?xml version="1.0" encoding="UTF-8"?>
<!-- Generated by org.testng.reporters.JUnitReportReporter -->
<testsuite hostname="aliena-HP" failures="0" tests="1" name="mavenSelenium.seleniumMaventest.Testcase8" time="33.118" errors="0" timestamp="2025-05-08T17:13:29 IST" skipped="0">
  <testcase classname="mavenSelenium.seleniumMaventest.Testcase8" name="Sortingproduct" time="33.118"/>
</testsuite> <!-- mavenSelenium.seleniumMaventest.Testcase8 -->
