<?xml version="1.0" encoding="UTF-8"?>
<!-- Generated by org.testng.reporters.JUnitReportReporter -->
<testsuite hostname="aliena-HP" failures="0" tests="1" name="mavenSelenium.seleniumMaventest.Testcase10" time="48.204" errors="0" timestamp="2025-05-11T13:11:02 IST" skipped="0">
  <testcase classname="mavenSelenium.seleniumMaventest.Testcase10" name="Addandreomveprod" time="48.204"/>
</testsuite> <!-- mavenSelenium.seleniumMaventest.Testcase10 -->
