<?xml version="1.0" encoding="UTF-8"?>
<!-- Generated by org.testng.reporters.JUnitReportReporter -->
<testsuite hostname="aliena-HP" failures="0" tests="1" name="mavenSelenium.seleniumMaventest.Testcase15" time="23.666" errors="0" timestamp="2025-05-09T05:28:38 IST" skipped="0">
  <testcase classname="mavenSelenium.seleniumMaventest.Testcase15" name="Direct_cartpage" time="23.666"/>
</testsuite> <!-- mavenSelenium.seleniumMaventest.Testcase15 -->
