<?xml version="1.0" encoding="UTF-8"?>
<!-- Generated by org.testng.reporters.JUnitReportReporter -->
<testsuite hostname="aliena-HP" failures="0" tests="2" name="mavenSelenium.seleniumMaventest.Testcase1" time="22.975" errors="0" timestamp="2025-05-05T17:29:29 IST" skipped="0">
  <testcase classname="mavenSelenium.seleniumMaventest.Testcase1" name="validcredintials" time="9.884"/>
  <testcase classname="mavenSelenium.seleniumMaventest.Testcase1" name="Logindata" time="13.091"/>
</testsuite> <!-- mavenSelenium.seleniumMaventest.Testcase1 -->
