<?xml version="1.0" encoding="UTF-8"?>
<!-- Generated by org.testng.reporters.JUnitReportReporter -->
<testsuite hostname="aliena-HP" failures="0" tests="1" name="mavenSelenium.seleniumMaventest.Testcase2_login" time="10.650" errors="0" timestamp="2025-05-10T16:23:47 IST" skipped="0">
  <testcase classname="mavenSelenium.seleniumMaventest.Testcase2_login" name="Logindata" time="10.650"/>
</testsuite> <!-- mavenSelenium.seleniumMaventest.Testcase2_login -->
