<?xml version="1.0" encoding="UTF-8"?>
<!-- Generated by org.testng.reporters.JUnitReportReporter -->
<testsuite hostname="aliena-HP" failures="0" tests="1" name="mavenSelenium.seleniumMaventest.Testcase13" time="29.925" errors="0" timestamp="2025-05-09T05:00:59 IST" skipped="0">
  <testcase classname="mavenSelenium.seleniumMaventest.Testcase13" name="Couponcode" time="29.925"/>
</testsuite> <!-- mavenSelenium.seleniumMaventest.Testcase13 -->
