<?xml version="1.0" encoding="UTF-8"?>
<!-- Generated by org.testng.reporters.JUnitReportReporter -->
<testsuite hostname="aliena-HP" failures="0" tests="1" name="mavenSelenium.seleniumMaventest.Testcase12" time="29.273" errors="0" timestamp="2025-05-09T04:24:49 IST" skipped="0">
  <testcase classname="mavenSelenium.seleniumMaventest.Testcase12" name="paymentmethod" time="29.273"/>
</testsuite> <!-- mavenSelenium.seleniumMaventest.Testcase12 -->
