<?xml version="1.0" encoding="UTF-8"?>
<!-- Generated by org.testng.reporters.JUnitReportReporter -->
<testsuite hostname="aliena-HP" failures="0" tests="1" name="mavenSelenium.seleniumMaventest.Testcase0" time="16.161" errors="0" timestamp="2025-05-09T06:09:51 IST" skipped="0">
  <testcase classname="mavenSelenium.seleniumMaventest.Testcase0" name="registration" time="16.161"/>
</testsuite> <!-- mavenSelenium.seleniumMaventest.Testcase0 -->
