<?xml version="1.0" encoding="UTF-8"?>
<!-- Generated by org.testng.reporters.JUnitReportReporter -->
<testsuite hostname="aliena-HP" failures="0" tests="1" name="mavenSelenium.seleniumMaventest.Testcase5" time="42.976" errors="0" timestamp="2025-05-07T19:08:37 IST" skipped="0">
  <testcase classname="mavenSelenium.seleniumMaventest.Testcase5" name="filtersearch" time="42.976"/>
</testsuite> <!-- mavenSelenium.seleniumMaventest.Testcase5 -->
